<?xml version="1.0" encoding="UTF-8"?>
<Site BuildName="(empty)"
	BuildStamp="20250612-1312-Experimental"
	Name="(empty)"
	Generator="ctest-3.22.1"
	CompilerName=""
	CompilerVersion=""
	OSName="Windows"
	Hostname="DESKTOP-KONBH6G"
	OSRelease=" Professional"
	OSVersion=" (Build 19045)"
	OSPlatform="AMD64"
	Is64Bits="1"
	VendorString="GenuineIntel"
	VendorID="Intel Corporation"
	FamilyID="6"
	ModelID="15"
	ProcessorCacheSize="-1"
	NumberOfLogicalCPU="8"
	NumberOfPhysicalCPU="4"
	TotalVirtualMemory="37511"
	TotalPhysicalMemory="32647"
	LogicalProcessorsPerPhysical="2"
	ProcessorClockFrequency="2294"
	>
	<Testing>
		<StartDateTime>Jun 12 20:12 SE Asia Standard Time</StartDateTime>
		<StartTestTime>1749733944</StartTestTime>
		<TestList/>
		<EndDateTime>Jun 12 20:12 SE Asia Standard Time</EndDateTime>
		<EndTestTime>1749733944</EndTestTime>
		<ElapsedMinutes>0</ElapsedMinutes>
	</Testing>
</Site>
